# JRE version: Java(TM) SE Runtime Environment (8.0_144-b01) (build 1.8.0_144-b01)
# Java VM: Java HotSpot(TM) 64-Bit Server VM (25.144-b01 mixed mode windows-amd64 compressed oops)
Heap:
 PSYoungGen      total 17920K, used 11417K [0x00000000ec580000, 0x00000000ed980000, 0x0000000100000000)
  eden space 15360K, 74% used [0x00000000ec580000,0x00000000ed0a6730,0x00000000ed480000)
  from space 2560K, 0% used [0x00000000ed480000,0x00000000ed480000,0x00000000ed700000)
  to   space 2560K, 0% used [0x00000000ed700000,0x00000000ed700000,0x00000000ed980000)
 ParOldGen       total 26112K, used 5723K [0x00000000c5000000, 0x00000000c6980000, 0x00000000ec580000)
  object space 26112K, 21% used [0x00000000c5000000,0x00000000c5596eb0,0x00000000c6980000)
 Metaspace       used 21246K, capacity 22064K, committed 22400K, reserved 1069056K
  class space    used 2666K, capacity 2844K, committed 2944K, reserved 1048576K
GC Heap History (10 events):
Event: 15.231 GC heap before
{Heap before GC invocations=2 (full 0):
 PSYoungGen      total 17920K, used 17912K [0x00000000ec580000, 0x00000000ed980000, 0x0000000100000000)
  eden space 15360K, 100% used [0x00000000ec580000,0x00000000ed480000,0x00000000ed480000)
  from space 2560K, 99% used [0x00000000ed480000,0x00000000ed6fe060,0x00000000ed700000)
  to   space 2560K, 0% used [0x00000000ed700000,0x00000000ed700000,0x00000000ed980000)
 ParOldGen       total 40960K, used 739K [0x00000000c5000000, 0x00000000c7800000, 0x00000000ec580000)
  object space 40960K, 1% used [0x00000000c5000000,0x00000000c50b8cb0,0x00000000c7800000)
 Metaspace       used 14944K, capacity 15208K, committed 15488K, reserved 1062912K
  class space    used 1514K, capacity 1618K, committed 1664K, reserved 1048576K
Event: 15.252 GC heap after
Heap after GC invocations=2 (full 0):
 PSYoungGen      total 17920K, used 2528K [0x00000000ec580000, 0x00000000ed980000, 0x0000000100000000)
  eden space 15360K, 0% used [0x00000000ec580000,0x00000000ec580000,0x00000000ed480000)
  from space 2560K, 98% used [0x00000000ed700000,0x00000000ed978020,0x00000000ed980000)
  to   space 2560K, 0% used [0x00000000ed480000,0x00000000ed480000,0x00000000ed700000)
 ParOldGen       total 40960K, used 1754K [0x00000000c5000000, 0x00000000c7800000, 0x00000000ec580000)
  object space 40960K, 4% used [0x00000000c5000000,0x00000000c51b6a38,0x00000000c7800000)
 Metaspace       used 14944K, capacity 15208K, committed 15488K, reserved 1062912K
  class space    used 1514K, capacity 1618K, committed 1664K, reserved 1048576K
}
Event: 15.648 GC heap before
{Heap before GC invocations=3 (full 0):
 PSYoungGen      total 17920K, used 17888K [0x00000000ec580000, 0x00000000ed980000, 0x0000000100000000)
  eden space 15360K, 100% used [0x00000000ec580000,0x00000000ed480000,0x00000000ed480000)
  from space 2560K, 98% used [0x00000000ed700000,0x00000000ed978020,0x00000000ed980000)
  to   space 2560K, 0% used [0x00000000ed480000,0x00000000ed480000,0x00000000ed700000)
 ParOldGen       total 40960K, used 1754K [0x00000000c5000000, 0x00000000c7800000, 0x00000000ec580000)
  object space 40960K, 4% used [0x00000000c5000000,0x00000000c51b6a38,0x00000000c7800000)
 Metaspace       used 14944K, capacity 15208K, committed 15488K, reserved 1062912K
  class space    used 1514K, capacity 1618K, committed 1664K, reserved 1048576K
Event: 15.659 GC heap after
Heap after GC invocations=3 (full 0):
 PSYoungGen      total 17920K, used 2528K [0x00000000ec580000, 0x00000000ed980000, 0x0000000100000000)
  eden space 15360K, 0% used [0x00000000ec580000,0x00000000ec580000,0x00000000ed480000)
  from space 2560K, 98% used [0x00000000ed480000,0x00000000ed6f8020,0x00000000ed700000)
  to   space 2560K, 0% used [0x00000000ed700000,0x00000000ed700000,0x00000000ed980000)
 ParOldGen       total 40960K, used 1762K [0x00000000c5000000, 0x00000000c7800000, 0x00000000ec580000)
  object space 40960K, 4% used [0x00000000c5000000,0x00000000c51b8a38,0x00000000c7800000)
 Metaspace       used 14944K, capacity 15208K, committed 15488K, reserved 1062912K
  class space    used 1514K, capacity 1618K, committed 1664K, reserved 1048576K
}
Event: 15.972 GC heap before
{Heap before GC invocations=4 (full 0):
 PSYoungGen      total 17920K, used 17888K [0x00000000ec580000, 0x00000000ed980000, 0x0000000100000000)
  eden space 15360K, 100% used [0x00000000ec580000,0x00000000ed480000,0x00000000ed480000)
  from space 2560K, 98% used [0x00000000ed480000,0x00000000ed6f8020,0x00000000ed700000)
  to   space 2560K, 0% used [0x00000000ed700000,0x00000000ed700000,0x00000000ed980000)
 ParOldGen       total 40960K, used 1762K [0x00000000c5000000, 0x00000000c7800000, 0x00000000ec580000)
  object space 40960K, 4% used [0x00000000c5000000,0x00000000c51b8a38,0x00000000c7800000)
 Metaspace       used 14989K, capacity 15272K, committed 15488K, reserved 1062912K
  class space    used 1523K, capacity 1618K, committed 1664K, reserved 1048576K
Event: 16.006 GC heap after
Heap after GC invocations=4 (full 0):
 PSYoungGen      total 17920K, used 2528K [0x00000000ec580000, 0x00000000ed980000, 0x0000000100000000)
  eden space 15360K, 0% used [0x00000000ec580000,0x00000000ec580000,0x00000000ed480000)
  from space 2560K, 98% used [0x00000000ed700000,0x00000000ed978040,0x00000000ed980000)
  to   space 2560K, 0% used [0x00000000ed480000,0x00000000ed480000,0x00000000ed700000)
 ParOldGen       total 40960K, used 2141K [0x00000000c5000000, 0x00000000c7800000, 0x00000000ec580000)
  object space 40960K, 5% used [0x00000000c5000000,0x00000000c5217690,0x00000000c7800000)
 Metaspace       used 14989K, capacity 15272K, committed 15488K, reserved 1062912K
  class space    used 1523K, capacity 1618K, committed 1664K, reserved 1048576K
}
Event: 16.581 GC heap before
{Heap before GC invocations=5 (full 0):
 PSYoungGen      total 17920K, used 11290K [0x00000000ec580000, 0x00000000ed980000, 0x0000000100000000)
  eden space 15360K, 57% used [0x00000000ec580000,0x00000000ece0ebb0,0x00000000ed480000)
  from space 2560K, 98% used [0x00000000ed700000,0x00000000ed978040,0x00000000ed980000)
  to   space 2560K, 0% used [0x00000000ed480000,0x00000000ed480000,0x00000000ed700000)
 ParOldGen       total 40960K, used 2141K [0x00000000c5000000, 0x00000000c7800000, 0x00000000ec580000)
  object space 40960K, 5% used [0x00000000c5000000,0x00000000c5217690,0x00000000c7800000)
 Metaspace       used 17813K, capacity 18174K, committed 18304K, reserved 1064960K
  class space    used 2049K, capacity 2165K, committed 2176K, reserved 1048576K
Event: 16.594 GC heap after
Heap after GC invocations=5 (full 0):
 PSYoungGen      total 17920K, used 2547K [0x00000000ec580000, 0x00000000ed980000, 0x0000000100000000)
  eden space 15360K, 0% used [0x00000000ec580000,0x00000000ec580000,0x00000000ed480000)
  from space 2560K, 99% used [0x00000000ed480000,0x00000000ed6fcd88,0x00000000ed700000)
  to   space 2560K, 0% used [0x00000000ed700000,0x00000000ed700000,0x00000000ed980000)
 ParOldGen       total 40960K, used 4039K [0x00000000c5000000, 0x00000000c7800000, 0x00000000ec580000)
  object space 40960K, 9% used [0x00000000c5000000,0x00000000c53f1ef8,0x00000000c7800000)
 Metaspace       used 17813K, capacity 18174K, committed 18304K, reserved 1064960K
  class space    used 2049K, capacity 2165K, committed 2176K, reserved 1048576K
}
Event: 16.595 GC heap before
{Heap before GC invocations=6 (full 1):
 PSYoungGen      total 17920K, used 2547K [0x00000000ec580000, 0x00000000ed980000, 0x0000000100000000)
  eden space 15360K, 0% used [0x00000000ec580000,0x00000000ec580000,0x00000000ed480000)
  from space 2560K, 99% used [0x00000000ed480000,0x00000000ed6fcd88,0x00000000ed700000)
  to   space 2560K, 0% used [0x00000000ed700000,0x00000000ed700000,0x00000000ed980000)
 ParOldGen       total 40960K, used 4039K [0x00000000c5000000, 0x00000000c7800000, 0x00000000ec580000)
  object space 40960K, 9% used [0x00000000c5000000,0x00000000c53f1ef8,0x00000000c7800000)
 Metaspace       used 17813K, capacity 18174K, committed 18304K, reserved 1064960K
  class space    used 2049K, capacity 2165K, committed 2176K, reserved 1048576K
Event: 16.685 GC heap after
Heap after GC invocations=6 (full 1):
 PSYoungGen      total 17920K, used 0K [0x00000000ec580000, 0x00000000ed980000, 0x0000000100000000)
  eden space 15360K, 0% used [0x00000000ec580000,0x00000000ec580000,0x00000000ed480000)
  from space 2560K, 0% used [0x00000000ed480000,0x00000000ed480000,0x00000000ed700000)
  to   space 2560K, 0% used [0x00000000ed700000,0x00000000ed700000,0x00000000ed980000)
 ParOldGen       total 26112K, used 5723K [0x00000000c5000000, 0x00000000c6980000, 0x00000000ec580000)
  object space 26112K, 21% used [0x00000000c5000000,0x00000000c5596eb0,0x00000000c6980000)
 Metaspace       used 17813K, capacity 18174K, committed 18304K, reserved 1064960K
  class space    used 2049K, capacity 2165K, committed 2176K, reserved 1048576K
}

