# JRE version: Java(TM) SE Runtime Environment (8.0_144-b01) (build 1.8.0_144-b01)
# Java VM: Java HotSpot(TM) 64-Bit Server VM (25.144-b01 mixed mode windows-amd64 compressed oops)
Heap:
 PSYoungGen      total 33280K, used 13801K [0x00000000ec580000, 0x00000000f0980000, 0x0000000100000000)
  eden space 30720K, 44% used [0x00000000ec580000,0x00000000ed2fa720,0x00000000ee380000)
  from space 2560K, 0% used [0x00000000ee380000,0x00000000ee380000,0x00000000ee600000)
  to   space 4096K, 0% used [0x00000000f0580000,0x00000000f0580000,0x00000000f0980000)
 ParOldGen       total 29696K, used 6441K [0x00000000c5000000, 0x00000000c6d00000, 0x00000000ec580000)
  object space 29696K, 21% used [0x00000000c5000000,0x00000000c564a578,0x00000000c6d00000)
 Metaspace       used 24563K, capacity 25444K, committed 25600K, reserved 1071104K
  class space    used 3107K, capacity 3302K, committed 3328K, reserved 1048576K
GC Heap History (10 events):
Event: 6.894 GC heap before
{Heap before GC invocations=2 (full 0):
 PSYoungGen      total 17920K, used 17911K [0x00000000ec580000, 0x00000000ed980000, 0x0000000100000000)
  eden space 15360K, 100% used [0x00000000ec580000,0x00000000ed480000,0x00000000ed480000)
  from space 2560K, 99% used [0x00000000ed480000,0x00000000ed6fdc70,0x00000000ed700000)
  to   space 2560K, 0% used [0x00000000ed700000,0x00000000ed700000,0x00000000ed980000)
 ParOldGen       total 40960K, used 765K [0x00000000c5000000, 0x00000000c7800000, 0x00000000ec580000)
  object space 40960K, 1% used [0x00000000c5000000,0x00000000c50bf608,0x00000000c7800000)
 Metaspace       used 14945K, capacity 15208K, committed 15488K, reserved 1062912K
  class space    used 1514K, capacity 1618K, committed 1664K, reserved 1048576K
Event: 6.914 GC heap after
Heap after GC invocations=2 (full 0):
 PSYoungGen      total 17920K, used 2544K [0x00000000ec580000, 0x00000000ed980000, 0x0000000100000000)
  eden space 15360K, 0% used [0x00000000ec580000,0x00000000ec580000,0x00000000ed480000)
  from space 2560K, 99% used [0x00000000ed700000,0x00000000ed97c030,0x00000000ed980000)
  to   space 2560K, 0% used [0x00000000ed480000,0x00000000ed480000,0x00000000ed700000)
 ParOldGen       total 40960K, used 1760K [0x00000000c5000000, 0x00000000c7800000, 0x00000000ec580000)
  object space 40960K, 4% used [0x00000000c5000000,0x00000000c51b82e0,0x00000000c7800000)
 Metaspace       used 14945K, capacity 15208K, committed 15488K, reserved 1062912K
  class space    used 1514K, capacity 1618K, committed 1664K, reserved 1048576K
}
Event: 7.544 GC heap before
{Heap before GC invocations=3 (full 0):
 PSYoungGen      total 17920K, used 17904K [0x00000000ec580000, 0x00000000ed980000, 0x0000000100000000)
  eden space 15360K, 100% used [0x00000000ec580000,0x00000000ed480000,0x00000000ed480000)
  from space 2560K, 99% used [0x00000000ed700000,0x00000000ed97c030,0x00000000ed980000)
  to   space 2560K, 0% used [0x00000000ed480000,0x00000000ed480000,0x00000000ed700000)
 ParOldGen       total 40960K, used 1760K [0x00000000c5000000, 0x00000000c7800000, 0x00000000ec580000)
  object space 40960K, 4% used [0x00000000c5000000,0x00000000c51b82e0,0x00000000c7800000)
 Metaspace       used 15049K, capacity 15432K, committed 15744K, reserved 1062912K
  class space    used 1527K, capacity 1650K, committed 1664K, reserved 1048576K
Event: 7.569 GC heap after
Heap after GC invocations=3 (full 0):
 PSYoungGen      total 17920K, used 2531K [0x00000000ec580000, 0x00000000ee880000, 0x0000000100000000)
  eden space 15360K, 0% used [0x00000000ec580000,0x00000000ec580000,0x00000000ed480000)
  from space 2560K, 98% used [0x00000000ed480000,0x00000000ed6f8d78,0x00000000ed700000)
  to   space 2560K, 0% used [0x00000000ee600000,0x00000000ee600000,0x00000000ee880000)
 ParOldGen       total 40960K, used 3069K [0x00000000c5000000, 0x00000000c7800000, 0x00000000ec580000)
  object space 40960K, 7% used [0x00000000c5000000,0x00000000c52ff518,0x00000000c7800000)
 Metaspace       used 15049K, capacity 15432K, committed 15744K, reserved 1062912K
  class space    used 1527K, capacity 1650K, committed 1664K, reserved 1048576K
}
Event: 8.397 GC heap before
{Heap before GC invocations=4 (full 0):
 PSYoungGen      total 17920K, used 17891K [0x00000000ec580000, 0x00000000ee880000, 0x0000000100000000)
  eden space 15360K, 100% used [0x00000000ec580000,0x00000000ed480000,0x00000000ed480000)
  from space 2560K, 98% used [0x00000000ed480000,0x00000000ed6f8d78,0x00000000ed700000)
  to   space 2560K, 0% used [0x00000000ee600000,0x00000000ee600000,0x00000000ee880000)
 ParOldGen       total 40960K, used 3069K [0x00000000c5000000, 0x00000000c7800000, 0x00000000ec580000)
  object space 40960K, 7% used [0x00000000c5000000,0x00000000c52ff518,0x00000000c7800000)
 Metaspace       used 16748K, capacity 17160K, committed 17408K, reserved 1064960K
  class space    used 1842K, capacity 1960K, committed 2048K, reserved 1048576K
Event: 8.412 GC heap after
Heap after GC invocations=4 (full 0):
 PSYoungGen      total 33280K, used 2547K [0x00000000ec580000, 0x00000000ee880000, 0x0000000100000000)
  eden space 30720K, 0% used [0x00000000ec580000,0x00000000ec580000,0x00000000ee380000)
  from space 2560K, 99% used [0x00000000ee600000,0x00000000ee87cd78,0x00000000ee880000)
  to   space 2560K, 0% used [0x00000000ee380000,0x00000000ee380000,0x00000000ee600000)
 ParOldGen       total 40960K, used 4076K [0x00000000c5000000, 0x00000000c7800000, 0x00000000ec580000)
  object space 40960K, 9% used [0x00000000c5000000,0x00000000c53fb188,0x00000000c7800000)
 Metaspace       used 16748K, capacity 17160K, committed 17408K, reserved 1064960K
  class space    used 1842K, capacity 1960K, committed 2048K, reserved 1048576K
}
Event: 9.651 GC heap before
{Heap before GC invocations=5 (full 0):
 PSYoungGen      total 33280K, used 12637K [0x00000000ec580000, 0x00000000ee880000, 0x0000000100000000)
  eden space 30720K, 32% used [0x00000000ec580000,0x00000000ecf5a750,0x00000000ee380000)
  from space 2560K, 99% used [0x00000000ee600000,0x00000000ee87cd78,0x00000000ee880000)
  to   space 2560K, 0% used [0x00000000ee380000,0x00000000ee380000,0x00000000ee600000)
 ParOldGen       total 40960K, used 4076K [0x00000000c5000000, 0x00000000c7800000, 0x00000000ec580000)
  object space 40960K, 9% used [0x00000000c5000000,0x00000000c53fb188,0x00000000c7800000)
 Metaspace       used 20479K, capacity 21164K, committed 21296K, reserved 1069056K
  class space    used 2511K, capacity 2670K, committed 2688K, reserved 1048576K
Event: 9.669 GC heap after
Heap after GC invocations=5 (full 0):
 PSYoungGen      total 33280K, used 2544K [0x00000000ec580000, 0x00000000f0980000, 0x0000000100000000)
  eden space 30720K, 0% used [0x00000000ec580000,0x00000000ec580000,0x00000000ee380000)
  from space 2560K, 99% used [0x00000000ee380000,0x00000000ee5fc030,0x00000000ee600000)
  to   space 4096K, 0% used [0x00000000f0580000,0x00000000f0580000,0x00000000f0980000)
 ParOldGen       total 40960K, used 5091K [0x00000000c5000000, 0x00000000c7800000, 0x00000000ec580000)
  object space 40960K, 12% used [0x00000000c5000000,0x00000000c54f8ee0,0x00000000c7800000)
 Metaspace       used 20479K, capacity 21164K, committed 21296K, reserved 1069056K
  class space    used 2511K, capacity 2670K, committed 2688K, reserved 1048576K
}
Event: 9.669 GC heap before
{Heap before GC invocations=6 (full 1):
 PSYoungGen      total 33280K, used 2544K [0x00000000ec580000, 0x00000000f0980000, 0x0000000100000000)
  eden space 30720K, 0% used [0x00000000ec580000,0x00000000ec580000,0x00000000ee380000)
  from space 2560K, 99% used [0x00000000ee380000,0x00000000ee5fc030,0x00000000ee600000)
  to   space 4096K, 0% used [0x00000000f0580000,0x00000000f0580000,0x00000000f0980000)
 ParOldGen       total 40960K, used 5091K [0x00000000c5000000, 0x00000000c7800000, 0x00000000ec580000)
  object space 40960K, 12% used [0x00000000c5000000,0x00000000c54f8ee0,0x00000000c7800000)
 Metaspace       used 20479K, capacity 21164K, committed 21296K, reserved 1069056K
  class space    used 2511K, capacity 2670K, committed 2688K, reserved 1048576K
Event: 9.771 GC heap after
Heap after GC invocations=6 (full 1):
 PSYoungGen      total 33280K, used 0K [0x00000000ec580000, 0x00000000f0980000, 0x0000000100000000)
  eden space 30720K, 0% used [0x00000000ec580000,0x00000000ec580000,0x00000000ee380000)
  from space 2560K, 0% used [0x00000000ee380000,0x00000000ee380000,0x00000000ee600000)
  to   space 4096K, 0% used [0x00000000f0580000,0x00000000f0580000,0x00000000f0980000)
 ParOldGen       total 29696K, used 6441K [0x00000000c5000000, 0x00000000c6d00000, 0x00000000ec580000)
  object space 29696K, 21% used [0x00000000c5000000,0x00000000c564a578,0x00000000c6d00000)
 Metaspace       used 20479K, capacity 21164K, committed 21296K, reserved 1069056K
  class space    used 2511K, capacity 2670K, committed 2688K, reserved 1048576K
}

